# JRE version: Java(TM) SE Runtime Environment (8.0_25-b18) (build 1.8.0_25-b18)
# Java VM: Java HotSpot(TM) 64-Bit Server VM (25.25-b02 mixed mode windows-amd64 compressed oops)
Heap:
 PSYoungGen      total 57856K, used 43805K [0x00000000eab00000, 0x00000000ef080000, 0x0000000100000000)
  eden space 46080K, 92% used [0x00000000eab00000,0x00000000ed49a4f0,0x00000000ed800000)
  from space 11776K, 10% used [0x00000000ed800000,0x00000000ed92d0f0,0x00000000ee380000)
  to   space 11264K, 0% used [0x00000000ee380000,0x00000000ee380000,0x00000000eee80000)
 ParOldGen       total 66560K, used 8426K [0x00000000c0000000, 0x00000000c4100000, 0x00000000eab00000)
  object space 66560K, 12% used [0x00000000c0000000,0x00000000c083a9a8,0x00000000c4100000)
 Metaspace       used 22022K, capacity 22488K, committed 22656K, reserved 1069056K
  class space    used 2912K, capacity 3077K, committed 3200K, reserved 1048576K
GC Heap History (10 events):
Event: 4.906 GC heap before
{Heap before GC invocations=4 (full 0):
 PSYoungGen      total 38400K, used 30401K [0x00000000eab00000, 0x00000000ed580000, 0x0000000100000000)
  eden space 33280K, 76% used [0x00000000eab00000,0x00000000ec3b4580,0x00000000ecb80000)
  from space 5120K, 99% used [0x00000000ecb80000,0x00000000ed07c030,0x00000000ed080000)
  to   space 5120K, 0% used [0x00000000ed080000,0x00000000ed080000,0x00000000ed580000)
 ParOldGen       total 87552K, used 5031K [0x00000000c0000000, 0x00000000c5580000, 0x00000000eab00000)
  object space 87552K, 5% used [0x00000000c0000000,0x00000000c04e9c40,0x00000000c5580000)
 Metaspace       used 20631K, capacity 21108K, committed 21296K, reserved 1067008K
  class space    used 2773K, capacity 2917K, committed 2944K, reserved 1048576K
Event: 4.918 GC heap after
Heap after GC invocations=4 (full 0):
 PSYoungGen      total 38400K, used 5088K [0x00000000eab00000, 0x00000000ed580000, 0x0000000100000000)
  eden space 33280K, 0% used [0x00000000eab00000,0x00000000eab00000,0x00000000ecb80000)
  from space 5120K, 99% used [0x00000000ed080000,0x00000000ed578040,0x00000000ed580000)
  to   space 5120K, 0% used [0x00000000ecb80000,0x00000000ecb80000,0x00000000ed080000)
 ParOldGen       total 87552K, used 8152K [0x00000000c0000000, 0x00000000c5580000, 0x00000000eab00000)
  object space 87552K, 9% used [0x00000000c0000000,0x00000000c07f62a8,0x00000000c5580000)
 Metaspace       used 20631K, capacity 21108K, committed 21296K, reserved 1067008K
  class space    used 2773K, capacity 2917K, committed 2944K, reserved 1048576K
}
Event: 4.918 GC heap before
{Heap before GC invocations=5 (full 1):
 PSYoungGen      total 38400K, used 5088K [0x00000000eab00000, 0x00000000ed580000, 0x0000000100000000)
  eden space 33280K, 0% used [0x00000000eab00000,0x00000000eab00000,0x00000000ecb80000)
  from space 5120K, 99% used [0x00000000ed080000,0x00000000ed578040,0x00000000ed580000)
  to   space 5120K, 0% used [0x00000000ecb80000,0x00000000ecb80000,0x00000000ed080000)
 ParOldGen       total 87552K, used 8152K [0x00000000c0000000, 0x00000000c5580000, 0x00000000eab00000)
  object space 87552K, 9% used [0x00000000c0000000,0x00000000c07f62a8,0x00000000c5580000)
 Metaspace       used 20631K, capacity 21108K, committed 21296K, reserved 1067008K
  class space    used 2773K, capacity 2917K, committed 2944K, reserved 1048576K
Event: 4.978 GC heap after
Heap after GC invocations=5 (full 1):
 PSYoungGen      total 38400K, used 0K [0x00000000eab00000, 0x00000000ed580000, 0x0000000100000000)
  eden space 33280K, 0% used [0x00000000eab00000,0x00000000eab00000,0x00000000ecb80000)
  from space 5120K, 0% used [0x00000000ed080000,0x00000000ed080000,0x00000000ed580000)
  to   space 5120K, 0% used [0x00000000ecb80000,0x00000000ecb80000,0x00000000ed080000)
 ParOldGen       total 66560K, used 8410K [0x00000000c0000000, 0x00000000c4100000, 0x00000000eab00000)
  object space 66560K, 12% used [0x00000000c0000000,0x00000000c08369a8,0x00000000c4100000)
 Metaspace       used 20630K, capacity 21106K, committed 21296K, reserved 1067008K
  class space    used 2772K, capacity 2916K, committed 2944K, reserved 1048576K
}
Event: 5.416 GC heap before
{Heap before GC invocations=6 (full 1):
 PSYoungGen      total 38400K, used 33280K [0x00000000eab00000, 0x00000000ed580000, 0x0000000100000000)
  eden space 33280K, 100% used [0x00000000eab00000,0x00000000ecb80000,0x00000000ecb80000)
  from space 5120K, 0% used [0x00000000ed080000,0x00000000ed080000,0x00000000ed580000)
  to   space 5120K, 0% used [0x00000000ecb80000,0x00000000ecb80000,0x00000000ed080000)
 ParOldGen       total 66560K, used 8410K [0x00000000c0000000, 0x00000000c4100000, 0x00000000eab00000)
  object space 66560K, 12% used [0x00000000c0000000,0x00000000c08369a8,0x00000000c4100000)
 Metaspace       used 21978K, capacity 22488K, committed 22656K, reserved 1069056K
  class space    used 2912K, capacity 3077K, committed 3200K, reserved 1048576K
Event: 5.419 GC heap after
Heap after GC invocations=6 (full 1):
 PSYoungGen      total 38400K, used 1660K [0x00000000eab00000, 0x00000000eee80000, 0x0000000100000000)
  eden space 33280K, 0% used [0x00000000eab00000,0x00000000eab00000,0x00000000ecb80000)
  from space 5120K, 32% used [0x00000000ecb80000,0x00000000ecd1f170,0x00000000ed080000)
  to   space 11264K, 0% used [0x00000000ee380000,0x00000000ee380000,0x00000000eee80000)
 ParOldGen       total 66560K, used 8418K [0x00000000c0000000, 0x00000000c4100000, 0x00000000eab00000)
  object space 66560K, 12% used [0x00000000c0000000,0x00000000c08389a8,0x00000000c4100000)
 Metaspace       used 21978K, capacity 22488K, committed 22656K, reserved 1069056K
  class space    used 2912K, capacity 3077K, committed 3200K, reserved 1048576K
}
Event: 5.608 GC heap before
{Heap before GC invocations=7 (full 1):
 PSYoungGen      total 38400K, used 34940K [0x00000000eab00000, 0x00000000eee80000, 0x0000000100000000)
  eden space 33280K, 100% used [0x00000000eab00000,0x00000000ecb80000,0x00000000ecb80000)
  from space 5120K, 32% used [0x00000000ecb80000,0x00000000ecd1f170,0x00000000ed080000)
  to   space 11264K, 0% used [0x00000000ee380000,0x00000000ee380000,0x00000000eee80000)
 ParOldGen       total 66560K, used 8418K [0x00000000c0000000, 0x00000000c4100000, 0x00000000eab00000)
  object space 66560K, 12% used [0x00000000c0000000,0x00000000c08389a8,0x00000000c4100000)
 Metaspace       used 22013K, capacity 22488K, committed 22656K, reserved 1069056K
  class space    used 2912K, capacity 3077K, committed 3200K, reserved 1048576K
Event: 5.610 GC heap after
Heap after GC invocations=7 (full 1):
 PSYoungGen      total 57344K, used 1000K [0x00000000eab00000, 0x00000000ef080000, 0x0000000100000000)
  eden space 46080K, 0% used [0x00000000eab00000,0x00000000eab00000,0x00000000ed800000)
  from space 11264K, 8% used [0x00000000ee380000,0x00000000ee47a100,0x00000000eee80000)
  to   space 11776K, 0% used [0x00000000ed800000,0x00000000ed800000,0x00000000ee380000)
 ParOldGen       total 66560K, used 8426K [0x00000000c0000000, 0x00000000c4100000, 0x00000000eab00000)
  object space 66560K, 12% used [0x00000000c0000000,0x00000000c083a9a8,0x00000000c4100000)
 Metaspace       used 22013K, capacity 22488K, committed 22656K, reserved 1069056K
  class space    used 2912K, capacity 3077K, committed 3200K, reserved 1048576K
}
Event: 5.938 GC heap before
{Heap before GC invocations=8 (full 1):
 PSYoungGen      total 57344K, used 47080K [0x00000000eab00000, 0x00000000ef080000, 0x0000000100000000)
  eden space 46080K, 100% used [0x00000000eab00000,0x00000000ed800000,0x00000000ed800000)
  from space 11264K, 8% used [0x00000000ee380000,0x00000000ee47a100,0x00000000eee80000)
  to   space 11776K, 0% used [0x00000000ed800000,0x00000000ed800000,0x00000000ee380000)
 ParOldGen       total 66560K, used 8426K [0x00000000c0000000, 0x00000000c4100000, 0x00000000eab00000)
  object space 66560K, 12% used [0x00000000c0000000,0x00000000c083a9a8,0x00000000c4100000)
 Metaspace       used 22014K, capacity 22488K, committed 22656K, reserved 1069056K
  class space    used 2912K, capacity 3077K, committed 3200K, reserved 1048576K
Event: 5.942 GC heap after
Heap after GC invocations=8 (full 1):
 PSYoungGen      total 57856K, used 1204K [0x00000000eab00000, 0x00000000ef080000, 0x0000000100000000)
  eden space 46080K, 0% used [0x00000000eab00000,0x00000000eab00000,0x00000000ed800000)
  from space 11776K, 10% used [0x00000000ed800000,0x00000000ed92d0f0,0x00000000ee380000)
  to   space 11264K, 0% used [0x00000000ee380000,0x00000000ee380000,0x00000000eee80000)
 ParOldGen       total 66560K, used 8426K [0x00000000c0000000, 0x00000000c4100000, 0x00000000eab00000)
  object space 66560K, 12% used [0x00000000c0000000,0x00000000c083a9a8,0x00000000c4100000)
 Metaspace       used 22014K, capacity 22488K, committed 22656K, reserved 1069056K
  class space    used 2912K, capacity 3077K, committed 3200K, reserved 1048576K
}

