# JRE version: Java(TM) SE Runtime Environment (8.0_25-b18) (build 1.8.0_25-b18)
# Java VM: Java HotSpot(TM) 64-Bit Server VM (25.25-b02 mixed mode windows-amd64 compressed oops)
Heap:
 PSYoungGen      total 134144K, used 19276K [0x00000000eab00000, 0x00000000f4500000, 0x0000000100000000)
  eden space 121344K, 15% used [0x00000000eab00000,0x00000000ebdd3360,0x00000000f2180000)
  from space 12800K, 0% used [0x00000000f3180000,0x00000000f3180000,0x00000000f3e00000)
  to   space 16384K, 0% used [0x00000000f2180000,0x00000000f2180000,0x00000000f3180000)
 ParOldGen       total 98304K, used 32214K [0x00000000c0000000, 0x00000000c6000000, 0x00000000eab00000)
  object space 98304K, 32% used [0x00000000c0000000,0x00000000c1f759e8,0x00000000c6000000)
 Metaspace       used 39407K, capacity 40708K, committed 40872K, reserved 1087488K
  class space    used 5416K, capacity 5946K, committed 6056K, reserved 1048576K
GC Heap History (10 events):
Event: 36.120 GC heap before
{Heap before GC invocations=12 (full 1):
 PSYoungGen      total 77824K, used 69352K [0x00000000eab00000, 0x00000000f0200000, 0x0000000100000000)
  eden space 67584K, 100% used [0x00000000eab00000,0x00000000eed00000,0x00000000eed00000)
  from space 10240K, 17% used [0x00000000ef800000,0x00000000ef9ba100,0x00000000f0200000)
  to   space 10752K, 0% used [0x00000000eed00000,0x00000000eed00000,0x00000000ef780000)
 ParOldGen       total 46592K, used 8469K [0x00000000c0000000, 0x00000000c2d80000, 0x00000000eab00000)
  object space 46592K, 18% used [0x00000000c0000000,0x00000000c08457d8,0x00000000c2d80000)
 Metaspace       used 22108K, capacity 22610K, committed 22912K, reserved 1069056K
  class space    used 2913K, capacity 3076K, committed 3200K, reserved 1048576K
Event: 36.133 GC heap after
Heap after GC invocations=12 (full 1):
 PSYoungGen      total 78336K, used 1376K [0x00000000eab00000, 0x00000000f1c00000, 0x0000000100000000)
  eden space 67584K, 0% used [0x00000000eab00000,0x00000000eab00000,0x00000000eed00000)
  from space 10752K, 12% used [0x00000000eed00000,0x00000000eee58020,0x00000000ef780000)
  to   space 10752K, 0% used [0x00000000f1180000,0x00000000f1180000,0x00000000f1c00000)
 ParOldGen       total 46592K, used 9262K [0x00000000c0000000, 0x00000000c2d80000, 0x00000000eab00000)
  object space 46592K, 19% used [0x00000000c0000000,0x00000000c090b928,0x00000000c2d80000)
 Metaspace       used 22108K, capacity 22610K, committed 22912K, reserved 1069056K
  class space    used 2913K, capacity 3076K, committed 3200K, reserved 1048576K
}
Event: 36.883 GC heap before
{Heap before GC invocations=13 (full 1):
 PSYoungGen      total 78336K, used 68960K [0x00000000eab00000, 0x00000000f1c00000, 0x0000000100000000)
  eden space 67584K, 100% used [0x00000000eab00000,0x00000000eed00000,0x00000000eed00000)
  from space 10752K, 12% used [0x00000000eed00000,0x00000000eee58020,0x00000000ef780000)
  to   space 10752K, 0% used [0x00000000f1180000,0x00000000f1180000,0x00000000f1c00000)
 ParOldGen       total 46592K, used 9262K [0x00000000c0000000, 0x00000000c2d80000, 0x00000000eab00000)
  object space 46592K, 19% used [0x00000000c0000000,0x00000000c090b928,0x00000000c2d80000)
 Metaspace       used 22108K, capacity 22610K, committed 22912K, reserved 1069056K
  class space    used 2913K, capacity 3076K, committed 3200K, reserved 1048576K
Event: 36.889 GC heap after
Heap after GC invocations=13 (full 1):
 PSYoungGen      total 101888K, used 1440K [0x00000000eab00000, 0x00000000f1a00000, 0x0000000100000000)
  eden space 93184K, 0% used [0x00000000eab00000,0x00000000eab00000,0x00000000f0600000)
  from space 8704K, 16% used [0x00000000f1180000,0x00000000f12e8020,0x00000000f1a00000)
  to   space 10240K, 0% used [0x00000000f0600000,0x00000000f0600000,0x00000000f1000000)
 ParOldGen       total 46592K, used 9558K [0x00000000c0000000, 0x00000000c2d80000, 0x00000000eab00000)
  object space 46592K, 20% used [0x00000000c0000000,0x00000000c0955928,0x00000000c2d80000)
 Metaspace       used 22108K, capacity 22610K, committed 22912K, reserved 1069056K
  class space    used 2913K, capacity 3076K, committed 3200K, reserved 1048576K
}
Event: 51.830 GC heap before
{Heap before GC invocations=14 (full 1):
 PSYoungGen      total 101888K, used 94624K [0x00000000eab00000, 0x00000000f1a00000, 0x0000000100000000)
  eden space 93184K, 100% used [0x00000000eab00000,0x00000000f0600000,0x00000000f0600000)
  from space 8704K, 16% used [0x00000000f1180000,0x00000000f12e8020,0x00000000f1a00000)
  to   space 10240K, 0% used [0x00000000f0600000,0x00000000f0600000,0x00000000f1000000)
 ParOldGen       total 46592K, used 9558K [0x00000000c0000000, 0x00000000c2d80000, 0x00000000eab00000)
  object space 46592K, 20% used [0x00000000c0000000,0x00000000c0955928,0x00000000c2d80000)
 Metaspace       used 28981K, capacity 29764K, committed 30080K, reserved 1075200K
  class space    used 3837K, capacity 4109K, committed 4224K, reserved 1048576K
Event: 51.847 GC heap after
Heap after GC invocations=14 (full 1):
 PSYoungGen      total 103424K, used 10215K [0x00000000eab00000, 0x00000000f3e00000, 0x0000000100000000)
  eden space 93184K, 0% used [0x00000000eab00000,0x00000000eab00000,0x00000000f0600000)
  from space 10240K, 99% used [0x00000000f0600000,0x00000000f0ff9d58,0x00000000f1000000)
  to   space 12800K, 0% used [0x00000000f3180000,0x00000000f3180000,0x00000000f3e00000)
 ParOldGen       total 46592K, used 11819K [0x00000000c0000000, 0x00000000c2d80000, 0x00000000eab00000)
  object space 46592K, 25% used [0x00000000c0000000,0x00000000c0b8ae08,0x00000000c2d80000)
 Metaspace       used 28981K, capacity 29764K, committed 30080K, reserved 1075200K
  class space    used 3837K, capacity 4109K, committed 4224K, reserved 1048576K
}
Event: 61.568 GC heap before
{Heap before GC invocations=15 (full 1):
 PSYoungGen      total 103424K, used 97754K [0x00000000eab00000, 0x00000000f3e00000, 0x0000000100000000)
  eden space 93184K, 93% used [0x00000000eab00000,0x00000000f007ce50,0x00000000f0600000)
  from space 10240K, 99% used [0x00000000f0600000,0x00000000f0ff9d58,0x00000000f1000000)
  to   space 12800K, 0% used [0x00000000f3180000,0x00000000f3180000,0x00000000f3e00000)
 ParOldGen       total 46592K, used 11819K [0x00000000c0000000, 0x00000000c2d80000, 0x00000000eab00000)
  object space 46592K, 25% used [0x00000000c0000000,0x00000000c0b8ae08,0x00000000c2d80000)
 Metaspace       used 34244K, capacity 35276K, committed 35496K, reserved 1079296K
  class space    used 4592K, capacity 5004K, committed 5032K, reserved 1048576K
Event: 61.646 GC heap after
Heap after GC invocations=15 (full 1):
 PSYoungGen      total 134144K, used 12775K [0x00000000eab00000, 0x00000000f4500000, 0x0000000100000000)
  eden space 121344K, 0% used [0x00000000eab00000,0x00000000eab00000,0x00000000f2180000)
  from space 12800K, 99% used [0x00000000f3180000,0x00000000f3df9ce8,0x00000000f3e00000)
  to   space 16384K, 0% used [0x00000000f2180000,0x00000000f2180000,0x00000000f3180000)
 ParOldGen       total 46592K, used 15490K [0x00000000c0000000, 0x00000000c2d80000, 0x00000000eab00000)
  object space 46592K, 33% used [0x00000000c0000000,0x00000000c0f208c8,0x00000000c2d80000)
 Metaspace       used 34244K, capacity 35276K, committed 35496K, reserved 1079296K
  class space    used 4592K, capacity 5004K, committed 5032K, reserved 1048576K
}
Event: 61.646 GC heap before
{Heap before GC invocations=16 (full 2):
 PSYoungGen      total 134144K, used 12775K [0x00000000eab00000, 0x00000000f4500000, 0x0000000100000000)
  eden space 121344K, 0% used [0x00000000eab00000,0x00000000eab00000,0x00000000f2180000)
  from space 12800K, 99% used [0x00000000f3180000,0x00000000f3df9ce8,0x00000000f3e00000)
  to   space 16384K, 0% used [0x00000000f2180000,0x00000000f2180000,0x00000000f3180000)
 ParOldGen       total 46592K, used 15490K [0x00000000c0000000, 0x00000000c2d80000, 0x00000000eab00000)
  object space 46592K, 33% used [0x00000000c0000000,0x00000000c0f208c8,0x00000000c2d80000)
 Metaspace       used 34244K, capacity 35276K, committed 35496K, reserved 1079296K
  class space    used 4592K, capacity 5004K, committed 5032K, reserved 1048576K
Event: 62.169 GC heap after
Heap after GC invocations=16 (full 2):
 PSYoungGen      total 134144K, used 0K [0x00000000eab00000, 0x00000000f4500000, 0x0000000100000000)
  eden space 121344K, 0% used [0x00000000eab00000,0x00000000eab00000,0x00000000f2180000)
  from space 12800K, 0% used [0x00000000f3180000,0x00000000f3180000,0x00000000f3e00000)
  to   space 16384K, 0% used [0x00000000f2180000,0x00000000f2180000,0x00000000f3180000)
 ParOldGen       total 46592K, used 23683K [0x00000000c0000000, 0x00000000c2d80000, 0x00000000eab00000)
  object space 46592K, 50% used [0x00000000c0000000,0x00000000c1720d68,0x00000000c2d80000)
 Metaspace       used 34210K, capacity 35162K, committed 35496K, reserved 1079296K
  class space    used 4586K, capacity 4970K, committed 5032K, reserved 1048576K
}

